[2021-01-07 16:31:11.672] [exthost] [info] extension host started
[2021-01-07 16:31:11.688] [exthost] [info] ExtensionService#_doActivateExtension vscode.emmet {"startup":false,"extensionId":{"value":"vscode.emmet","_lower":"vscode.emmet"},"activationEvent":"onLanguage:html"}
[2021-01-07 16:31:11.689] [exthost] [info] ExtensionService#loadCommonJSModule file:///home/hyejin/.vscode-server/bin/ea3859d4ba2f3e577a159bc91e3074c5d85c0523/extensions/emmet/dist/node/emmetNodeMain
[2021-01-07 16:31:11.961] [exthost] [info] ExtensionService#_doActivateExtension vscode.html-language-features {"startup":false,"extensionId":{"value":"vscode.html-language-features","_lower":"vscode.html-language-features"},"activationEvent":"onLanguage:html"}
[2021-01-07 16:31:11.961] [exthost] [info] ExtensionService#loadCommonJSModule file:///home/hyejin/.vscode-server/bin/ea3859d4ba2f3e577a159bc91e3074c5d85c0523/extensions/html-language-features/client/dist/node/htmlClientMain
[2021-01-07 16:31:12.136] [exthost] [info] ExtensionService#_doActivateExtension vscode.debug-auto-launch {"startup":true,"extensionId":{"value":"vscode.debug-auto-launch","_lower":"vscode.debug-auto-launch"},"activationEvent":"*"}
[2021-01-07 16:31:12.136] [exthost] [info] ExtensionService#loadCommonJSModule file:///home/hyejin/.vscode-server/bin/ea3859d4ba2f3e577a159bc91e3074c5d85c0523/extensions/debug-auto-launch/dist/extension
[2021-01-07 16:31:12.147] [exthost] [info] ExtensionService#_doActivateExtension vscode.merge-conflict {"startup":true,"extensionId":{"value":"vscode.merge-conflict","_lower":"vscode.merge-conflict"},"activationEvent":"*"}
[2021-01-07 16:31:12.148] [exthost] [info] ExtensionService#loadCommonJSModule file:///home/hyejin/.vscode-server/bin/ea3859d4ba2f3e577a159bc91e3074c5d85c0523/extensions/merge-conflict/dist/mergeConflictMain
[2021-01-07 16:31:12.163] [exthost] [info] ExtensionService#_doActivateExtension vscode.search-result {"startup":true,"extensionId":{"value":"vscode.search-result","_lower":"vscode.search-result"},"activationEvent":"*"}
[2021-01-07 16:31:12.163] [exthost] [info] ExtensionService#loadCommonJSModule file:///home/hyejin/.vscode-server/bin/ea3859d4ba2f3e577a159bc91e3074c5d85c0523/extensions/search-result/dist/extension.js
[2021-01-07 16:31:12.190] [exthost] [info] eager extensions activated
[2021-01-07 16:31:12.218] [exthost] [info] ExtensionService#_doActivateExtension ms-vscode.js-debug {"startup":false,"extensionId":{"value":"ms-vscode.js-debug","_lower":"ms-vscode.js-debug"},"activationEvent":"onCommand:extension.js-debug.clearAutoAttachVariables"}
[2021-01-07 16:31:12.218] [exthost] [info] ExtensionService#loadCommonJSModule file:///home/hyejin/.vscode-server/bin/ea3859d4ba2f3e577a159bc91e3074c5d85c0523/extensions/ms-vscode.js-debug/src/extension.js
[2021-01-07 16:37:57.020] [exthost] [info] ExtensionService#_doActivateExtension vscode.configuration-editing {"startup":false,"extensionId":{"value":"vscode.configuration-editing","_lower":"vscode.configuration-editing"},"activationEvent":"onLanguage:json"}
[2021-01-07 16:37:57.020] [exthost] [info] ExtensionService#loadCommonJSModule file:///home/hyejin/.vscode-server/bin/ea3859d4ba2f3e577a159bc91e3074c5d85c0523/extensions/configuration-editing/dist/configurationEditingMain
[2021-01-07 16:37:57.030] [exthost] [info] ExtensionService#_doActivateExtension vscode.extension-editing {"startup":false,"extensionId":{"value":"vscode.extension-editing","_lower":"vscode.extension-editing"},"activationEvent":"onLanguage:json"}
[2021-01-07 16:37:57.030] [exthost] [info] ExtensionService#loadCommonJSModule file:///home/hyejin/.vscode-server/bin/ea3859d4ba2f3e577a159bc91e3074c5d85c0523/extensions/extension-editing/dist/extensionEditingMain
[2021-01-07 16:37:57.039] [exthost] [info] ExtensionService#_doActivateExtension vscode.json-language-features {"startup":false,"extensionId":{"value":"vscode.json-language-features","_lower":"vscode.json-language-features"},"activationEvent":"onLanguage:json"}
[2021-01-07 16:37:57.039] [exthost] [info] ExtensionService#loadCommonJSModule file:///home/hyejin/.vscode-server/bin/ea3859d4ba2f3e577a159bc91e3074c5d85c0523/extensions/json-language-features/client/dist/node/jsonClientMain
[2021-01-07 16:37:57.061] [exthost] [info] ExtensionService#_doActivateExtension vscode.npm {"startup":false,"extensionId":{"value":"vscode.npm","_lower":"vscode.npm"},"activationEvent":"onLanguage:json"}
[2021-01-07 16:37:57.061] [exthost] [info] ExtensionService#loadCommonJSModule file:///home/hyejin/.vscode-server/bin/ea3859d4ba2f3e577a159bc91e3074c5d85c0523/extensions/npm/dist/npmMain
[2021-01-07 16:37:59.161] [exthost] [info] ExtensionService#_doActivateExtension vscode.typescript-language-features {"startup":false,"extensionId":{"value":"vscode.typescript-language-features","_lower":"vscode.typescript-language-features"},"activationEvent":"onLanguage:javascript"}
[2021-01-07 16:37:59.161] [exthost] [info] ExtensionService#loadCommonJSModule file:///home/hyejin/.vscode-server/bin/ea3859d4ba2f3e577a159bc91e3074c5d85c0523/extensions/typescript-language-features/dist/extension
[2021-01-07 16:38:05.237] [exthost] [info] ExtensionService#_doActivateExtension ms-toolsai.jupyter {"startup":false,"extensionId":{"value":"ms-toolsai.jupyter","_lower":"ms-toolsai.jupyter"},"activationEvent":"onLanguage:python"}
[2021-01-07 16:38:05.238] [exthost] [info] ExtensionService#loadCommonJSModule file:///home/hyejin/.vscode-server/extensions/ms-toolsai.jupyter-2020.12.414227025/out/client/extension
[2021-01-07 16:38:05.931] [exthost] [info] ExtensionService#_doActivateExtension ms-python.python {"startup":false,"extensionId":{"value":"ms-python.python","_lower":"ms-python.python"},"activationEvent":"onLanguage:python"}
[2021-01-07 16:38:05.931] [exthost] [info] ExtensionService#loadCommonJSModule file:///home/hyejin/.vscode-server/extensions/ms-python.python-2020.12.424452561/out/client/extension
[2021-01-07 16:44:26.463] [exthost] [info] ExtensionService#_doActivateExtension vscode.git {"startup":false,"extensionId":{"value":"vscode.git","_lower":"vscode.git"},"activationEvent":"*"}
[2021-01-07 16:44:26.463] [exthost] [info] ExtensionService#loadCommonJSModule file:///home/hyejin/.vscode-server/bin/ea3859d4ba2f3e577a159bc91e3074c5d85c0523/extensions/git/dist/main
[2021-01-07 16:44:49.936] [exthost] [info] ExtensionService#_doActivateExtension vscode.github {"startup":false,"extensionId":{"value":"vscode.github","_lower":"vscode.github"},"activationEvent":"*"}
[2021-01-07 16:44:49.937] [exthost] [info] ExtensionService#loadCommonJSModule file:///home/hyejin/.vscode-server/bin/ea3859d4ba2f3e577a159bc91e3074c5d85c0523/extensions/github/dist/extension.js
