Looking for git in: git
Using git 2.25.1 from git
> git rev-parse --git-dir
Open repository: /home/hyejin
> git status -z -u
> git check-ignore -v -z --stdin
> git add -A -- .
> git -c user.useConfigOnly=true commit --quiet --allow-empty-message --file - --allow-empty

*** Please tell me who you are.

Run

  git config --global user.email "you@example.com"
  git config --global user.name "Your Name"

to set your account's default identity.
Omit --global to set the identity only in this repository.

fatal: no email was given and auto-detection is disabled
> git config --get-all user.name
> git add -A -- .
> git -c user.useConfigOnly=true commit --quiet --allow-empty-message --file - --allow-empty
> git add -A -- .
> git -c user.useConfigOnly=true commit --quiet --allow-empty-message --file - --allow-empty
> git check-ignore -v -z --stdin
> git add -A -- .
